{"C:\\Webstorm-Projects\\rate-limiter\\src\\app.ts": {"path":"C:\\Webstorm-Projects\\rate-limiter\\src\\app.ts","statementMap":{"0":{"start":{"line":1,"column":0},"end":{"line":1,"column":30}},"1":{"start":{"line":2,"column":0},"end":{"line":2,"column":34}},"2":{"start":{"line":3,"column":0},"end":{"line":3,"column":53}},"3":{"start":{"line":4,"column":0},"end":{"line":4,"column":55}},"4":{"start":{"line":5,"column":0},"end":{"line":5,"column":53}},"5":{"start":{"line":6,"column":0},"end":{"line":6,"column":40}},"6":{"start":{"line":7,"column":0},"end":{"line":7,"column":57}},"7":{"start":{"line":10,"column":12},"end":{"line":10,"column":21}},"8":{"start":{"line":12,"column":0},"end":{"line":12,"column":24}},"9":{"start":{"line":14,"column":20},"end":{"line":18,"column":2}},"10":{"start":{"line":20,"column":21},"end":{"line":20,"column":50}},"11":{"start":{"line":21,"column":13},"end":{"line":21,"column":84}},"12":{"start":{"line":23,"column":0},"end":{"line":23,"column":35}},"13":{"start":{"line":24,"column":0},"end":{"line":24,"column":22}},"14":{"start":{"line":26,"column":13},"end":{"line":26,"column":28}},"15":{"start":{"line":28,"column":0},"end":{"line":33,"column":1}},"16":{"start":{"line":30,"column":19},"end":{"line":32,"column":6}},"17":{"start":{"line":31,"column":8},"end":{"line":31,"column":80}},"18":{"start":{"line":35,"column":0},"end":{"line":35,"column":19}}},"fnMap":{"0":{"name":"(anonymous_1)","decl":{"start":{"line":30,"column":36},"end":{"line":30,"column":39}},"loc":{"start":{"line":30,"column":41},"end":{"line":32,"column":5}}}},"branchMap":{"0":{"loc":{"start":{"line":28,"column":0},"end":{"line":33,"column":1}},"type":"if","locations":[{"start":{"line":28,"column":0},"end":{"line":33,"column":1}}]}},"s":{"0":1,"1":1,"2":1,"3":1,"4":1,"5":1,"6":1,"7":1,"8":1,"9":1,"10":1,"11":1,"12":1,"13":1,"14":1,"15":1,"16":0,"17":0,"18":1},"f":{"0":0},"b":{"0":[0]}}
,"C:\\Webstorm-Projects\\rate-limiter\\src\\config\\index.ts": {"path":"C:\\Webstorm-Projects\\rate-limiter\\src\\config\\index.ts","statementMap":{"0":{"start":{"line":1,"column":0},"end":{"line":1,"column":28}},"1":{"start":{"line":2,"column":0},"end":{"line":2,"column":24}},"2":{"start":{"line":4,"column":0},"end":{"line":4,"column":16}},"3":{"start":{"line":6,"column":21},"end":{"line":23,"column":2}},"4":{"start":{"line":25,"column":13},"end":{"line":42,"column":3}}},"fnMap":{},"branchMap":{"0":{"loc":{"start":{"line":36,"column":27},"end":{"line":36,"column":75}},"type":"binary-expr","locations":[{"start":{"line":36,"column":27},"end":{"line":36,"column":69}},{"start":{"line":36,"column":73},"end":{"line":36,"column":75}}]},"1":{"loc":{"start":{"line":38,"column":22},"end":{"line":38,"column":60}},"type":"binary-expr","locations":[{"start":{"line":38,"column":22},"end":{"line":38,"column":53}},{"start":{"line":38,"column":57},"end":{"line":38,"column":60}}]},"2":{"loc":{"start":{"line":39,"column":18},"end":{"line":39,"column":53}},"type":"binary-expr","locations":[{"start":{"line":39,"column":18},"end":{"line":39,"column":45}},{"start":{"line":39,"column":49},"end":{"line":39,"column":53}}]}},"s":{"0":4,"1":4,"2":4,"3":4,"4":4},"f":{},"b":{"0":[4,4],"1":[4,4],"2":[4,4]}}
,"C:\\Webstorm-Projects\\rate-limiter\\src\\controllers\\requestController.ts": {"path":"C:\\Webstorm-Projects\\rate-limiter\\src\\controllers\\requestController.ts","statementMap":{"0":{"start":{"line":3,"column":30},"end":{"line":8,"column":1}},"1":{"start":{"line":4,"column":4},"end":{"line":7,"column":7}},"2":{"start":{"line":3,"column":13},"end":{"line":3,"column":30}}},"fnMap":{"0":{"name":"(anonymous_0)","decl":{"start":{"line":3,"column":30},"end":{"line":3,"column":31}},"loc":{"start":{"line":3,"column":68},"end":{"line":8,"column":1}}}},"branchMap":{},"s":{"0":2,"1":3,"2":2},"f":{"0":3},"b":{}}
,"C:\\Webstorm-Projects\\rate-limiter\\src\\dto\\UserRequestDTO.ts": {"path":"C:\\Webstorm-Projects\\rate-limiter\\src\\dto\\UserRequestDTO.ts","statementMap":{"0":{"start":{"line":1,"column":0},"end":{"line":1,"column":24}},"1":{"start":{"line":3,"column":13},"end":{"line":6,"column":3}}},"fnMap":{},"branchMap":{},"s":{"0":2,"1":2},"f":{},"b":{}}
,"C:\\Webstorm-Projects\\rate-limiter\\src\\middleware\\errorHandler.ts": {"path":"C:\\Webstorm-Projects\\rate-limiter\\src\\middleware\\errorHandler.ts","statementMap":{"0":{"start":{"line":3,"column":28},"end":{"line":10,"column":1}},"1":{"start":{"line":4,"column":4},"end":{"line":4,"column":43}},"2":{"start":{"line":6,"column":4},"end":{"line":9,"column":7}},"3":{"start":{"line":3,"column":13},"end":{"line":3,"column":28}}},"fnMap":{"0":{"name":"(anonymous_0)","decl":{"start":{"line":3,"column":28},"end":{"line":3,"column":29}},"loc":{"start":{"line":3,"column":100},"end":{"line":10,"column":1}}}},"branchMap":{},"s":{"0":1,"1":0,"2":0,"3":1},"f":{"0":0},"b":{}}
,"C:\\Webstorm-Projects\\rate-limiter\\src\\middleware\\extractUserInfo.ts": {"path":"C:\\Webstorm-Projects\\rate-limiter\\src\\middleware\\extractUserInfo.ts","statementMap":{"0":{"start":{"line":2,"column":0},"end":{"line":2,"column":74}},"1":{"start":{"line":4,"column":31},"end":{"line":22,"column":1}},"2":{"start":{"line":5,"column":19},"end":{"line":5,"column":43}},"3":{"start":{"line":6,"column":21},"end":{"line":6,"column":47}},"4":{"start":{"line":8,"column":4},"end":{"line":21,"column":5}},"5":{"start":{"line":9,"column":39},"end":{"line":12,"column":10}},"6":{"start":{"line":14,"column":9},"end":{"line":14,"column":39}},"7":{"start":{"line":15,"column":8},"end":{"line":15,"column":15}},"8":{"start":{"line":17,"column":8},"end":{"line":20,"column":11}},"9":{"start":{"line":4,"column":13},"end":{"line":4,"column":31}}},"fnMap":{"0":{"name":"(anonymous_0)","decl":{"start":{"line":4,"column":31},"end":{"line":4,"column":32}},"loc":{"start":{"line":4,"column":89},"end":{"line":22,"column":1}}}},"branchMap":{"0":{"loc":{"start":{"line":19,"column":21},"end":{"line":19,"column":46}},"type":"binary-expr","locations":[{"start":{"line":19,"column":21},"end":{"line":19,"column":31}},{"start":{"line":19,"column":35},"end":{"line":19,"column":46}}]}},"s":{"0":2,"1":2,"2":8,"3":8,"4":8,"5":8,"6":5,"7":5,"8":3,"9":2},"f":{"0":8},"b":{"0":[3,0]}}
,"C:\\Webstorm-Projects\\rate-limiter\\src\\middleware\\rateLimit.ts": {"path":"C:\\Webstorm-Projects\\rate-limiter\\src\\middleware\\rateLimit.ts","statementMap":{"0":{"start":{"line":5,"column":41},"end":{"line":36,"column":1}},"1":{"start":{"line":6,"column":4},"end":{"line":35,"column":6}},"2":{"start":{"line":7,"column":34},"end":{"line":7,"column":54}},"3":{"start":{"line":9,"column":8},"end":{"line":34,"column":9}},"4":{"start":{"line":10,"column":27},"end":{"line":10,"column":69}},"5":{"start":{"line":13,"column":12},"end":{"line":17,"column":15}},"6":{"start":{"line":19,"column":12},"end":{"line":25,"column":13}},"7":{"start":{"line":20,"column":16},"end":{"line":23,"column":19}},"8":{"start":{"line":24,"column":16},"end":{"line":24,"column":23}},"9":{"start":{"line":27,"column":12},"end":{"line":27,"column":19}},"10":{"start":{"line":29,"column":12},"end":{"line":29,"column":52}},"11":{"start":{"line":30,"column":12},"end":{"line":33,"column":15}},"12":{"start":{"line":5,"column":13},"end":{"line":5,"column":41}}},"fnMap":{"0":{"name":"(anonymous_0)","decl":{"start":{"line":5,"column":41},"end":{"line":5,"column":42}},"loc":{"start":{"line":5,"column":71},"end":{"line":36,"column":1}}},"1":{"name":"(anonymous_1)","decl":{"start":{"line":6,"column":11},"end":{"line":6,"column":16}},"loc":{"start":{"line":6,"column":84},"end":{"line":35,"column":5}}}},"branchMap":{"0":{"loc":{"start":{"line":19,"column":12},"end":{"line":25,"column":13}},"type":"if","locations":[{"start":{"line":19,"column":12},"end":{"line":25,"column":13}}]}},"s":{"0":2,"1":4,"2":7,"3":7,"4":7,"5":5,"6":5,"7":2,"8":2,"9":3,"10":2,"11":2,"12":2},"f":{"0":4,"1":7},"b":{"0":[2]}}
,"C:\\Webstorm-Projects\\rate-limiter\\src\\routes\\api.routes.ts": {"path":"C:\\Webstorm-Projects\\rate-limiter\\src\\routes\\api.routes.ts","statementMap":{"0":{"start":{"line":1,"column":0},"end":{"line":1,"column":33}},"1":{"start":{"line":2,"column":0},"end":{"line":2,"column":64}},"2":{"start":{"line":3,"column":0},"end":{"line":3,"column":68}},"3":{"start":{"line":5,"column":0},"end":{"line":5,"column":64}},"4":{"start":{"line":8,"column":31},"end":{"line":19,"column":1}},"5":{"start":{"line":9,"column":19},"end":{"line":9,"column":27}},"6":{"start":{"line":10,"column":32},"end":{"line":10,"column":70}},"7":{"start":{"line":12,"column":4},"end":{"line":16,"column":6}},"8":{"start":{"line":18,"column":4},"end":{"line":18,"column":18}},"9":{"start":{"line":8,"column":13},"end":{"line":8,"column":31}}},"fnMap":{"0":{"name":"(anonymous_0)","decl":{"start":{"line":8,"column":31},"end":{"line":8,"column":32}},"loc":{"start":{"line":8,"column":69},"end":{"line":19,"column":1}}}},"branchMap":{},"s":{"0":1,"1":1,"2":1,"3":1,"4":1,"5":1,"6":1,"7":1,"8":1,"9":1},"f":{"0":1},"b":{}}
,"C:\\Webstorm-Projects\\rate-limiter\\src\\routes\\index.ts": {"path":"C:\\Webstorm-Projects\\rate-limiter\\src\\routes\\index.ts","statementMap":{"0":{"start":{"line":1,"column":0},"end":{"line":1,"column":33}},"1":{"start":{"line":2,"column":0},"end":{"line":2,"column":47}},"2":{"start":{"line":6,"column":28},"end":{"line":12,"column":1}},"3":{"start":{"line":7,"column":19},"end":{"line":7,"column":27}},"4":{"start":{"line":9,"column":4},"end":{"line":9,"column":53}},"5":{"start":{"line":11,"column":4},"end":{"line":11,"column":18}},"6":{"start":{"line":6,"column":13},"end":{"line":6,"column":28}}},"fnMap":{"0":{"name":"(anonymous_0)","decl":{"start":{"line":6,"column":28},"end":{"line":6,"column":29}},"loc":{"start":{"line":6,"column":66},"end":{"line":12,"column":1}}}},"branchMap":{},"s":{"0":1,"1":1,"2":1,"3":1,"4":1,"5":1,"6":1},"f":{"0":1},"b":{}}
,"C:\\Webstorm-Projects\\rate-limiter\\src\\services\\rateLimiter.ts": {"path":"C:\\Webstorm-Projects\\rate-limiter\\src\\services\\rateLimiter.ts","statementMap":{"0":{"start":{"line":2,"column":0},"end":{"line":2,"column":35}},"1":{"start":{"line":15,"column":25},"end":{"line":15,"column":50}},"2":{"start":{"line":16,"column":25},"end":{"line":16,"column":52}},"3":{"start":{"line":7,"column":12},"end":{"line":7,"column":44}},"4":{"start":{"line":8,"column":12},"end":{"line":8,"column":57}},"5":{"start":{"line":9,"column":21},"end":{"line":9,"column":63}},"6":{"start":{"line":10,"column":21},"end":{"line":10,"column":63}},"7":{"start":{"line":11,"column":21},"end":{"line":11,"column":37}},"8":{"start":{"line":12,"column":21},"end":{"line":12,"column":44}},"9":{"start":{"line":18,"column":8},"end":{"line":21,"column":10}},"10":{"start":{"line":22,"column":8},"end":{"line":22,"column":63}},"11":{"start":{"line":25,"column":8},"end":{"line":27,"column":11}},"12":{"start":{"line":26,"column":12},"end":{"line":26,"column":70}},"13":{"start":{"line":32,"column":8},"end":{"line":34,"column":9}},"14":{"start":{"line":33,"column":12},"end":{"line":33,"column":34}},"15":{"start":{"line":37,"column":8},"end":{"line":39,"column":9}},"16":{"start":{"line":38,"column":12},"end":{"line":38,"column":38}},"17":{"start":{"line":42,"column":26},"end":{"line":42,"column":67}},"18":{"start":{"line":45,"column":8},"end":{"line":45,"column":65}},"19":{"start":{"line":47,"column":8},"end":{"line":54,"column":9}},"20":{"start":{"line":48,"column":12},"end":{"line":48,"column":54}},"21":{"start":{"line":49,"column":12},"end":{"line":49,"column":34}},"22":{"start":{"line":52,"column":12},"end":{"line":52,"column":38}},"23":{"start":{"line":53,"column":12},"end":{"line":53,"column":24}},"24":{"start":{"line":58,"column":8},"end":{"line":144,"column":9}},"25":{"start":{"line":60,"column":32},"end":{"line":60,"column":82}},"26":{"start":{"line":62,"column":12},"end":{"line":90,"column":13}},"27":{"start":{"line":63,"column":16},"end":{"line":63,"column":73}},"28":{"start":{"line":66,"column":16},"end":{"line":89,"column":17}},"29":{"start":{"line":69,"column":20},"end":{"line":73,"column":22}},"30":{"start":{"line":76,"column":20},"end":{"line":76,"column":39}},"31":{"start":{"line":79,"column":20},"end":{"line":88,"column":21}},"32":{"start":{"line":80,"column":24},"end":{"line":80,"column":103}},"33":{"start":{"line":83,"column":24},"end":{"line":83,"column":78}},"34":{"start":{"line":87,"column":24},"end":{"line":87,"column":43}},"35":{"start":{"line":93,"column":28},"end":{"line":97,"column":null}},"36":{"start":{"line":100,"column":12},"end":{"line":140,"column":13}},"37":{"start":{"line":102,"column":16},"end":{"line":135,"column":17}},"38":{"start":{"line":104,"column":43},"end":{"line":104,"column":93}},"39":{"start":{"line":105,"column":20},"end":{"line":122,"column":21}},"40":{"start":{"line":107,"column":24},"end":{"line":121,"column":25}},"41":{"start":{"line":108,"column":28},"end":{"line":112,"column":30}},"42":{"start":{"line":113,"column":28},"end":{"line":113,"column":50}},"43":{"start":{"line":115,"column":28},"end":{"line":118,"column":29}},"44":{"start":{"line":117,"column":32},"end":{"line":117,"column":54}},"45":{"start":{"line":120,"column":28},"end":{"line":120,"column":82}},"46":{"start":{"line":125,"column":32},"end":{"line":125,"column":85}},"47":{"start":{"line":126,"column":20},"end":{"line":126,"column":83}},"48":{"start":{"line":129,"column":20},"end":{"line":129,"column":76}},"49":{"start":{"line":131,"column":20},"end":{"line":131,"column":31}},"50":{"start":{"line":134,"column":20},"end":{"line":134,"column":54}},"51":{"start":{"line":138,"column":16},"end":{"line":138,"column":89}},"52":{"start":{"line":138,"column":45},"end":{"line":138,"column":87}},"53":{"start":{"line":139,"column":16},"end":{"line":139,"column":59}},"54":{"start":{"line":142,"column":12},"end":{"line":142,"column":71}},"55":{"start":{"line":143,"column":12},"end":{"line":143,"column":24}},"56":{"start":{"line":148,"column":8},"end":{"line":158,"column":9}},"57":{"start":{"line":150,"column":32},"end":{"line":150,"column":76}},"58":{"start":{"line":153,"column":12},"end":{"line":155,"column":13}},"59":{"start":{"line":154,"column":16},"end":{"line":154,"column":64}},"60":{"start":{"line":157,"column":12},"end":{"line":157,"column":58}},"61":{"start":{"line":162,"column":8},"end":{"line":167,"column":9}},"62":{"start":{"line":163,"column":12},"end":{"line":163,"column":36}},"63":{"start":{"line":164,"column":12},"end":{"line":166,"column":13}},"64":{"start":{"line":165,"column":16},"end":{"line":165,"column":84}},"65":{"start":{"line":169,"column":22},"end":{"line":169,"column":43}},"66":{"start":{"line":170,"column":8},"end":{"line":172,"column":9}},"67":{"start":{"line":171,"column":12},"end":{"line":171,"column":53}},"68":{"start":{"line":174,"column":24},"end":{"line":174,"column":45}},"69":{"start":{"line":175,"column":20},"end":{"line":175,"column":49}},"70":{"start":{"line":177,"column":8},"end":{"line":212,"column":9}},"71":{"start":{"line":178,"column":27},"end":{"line":181,"column":null}},"72":{"start":{"line":185,"column":12},"end":{"line":187,"column":13}},"73":{"start":{"line":186,"column":16},"end":{"line":186,"column":104}},"74":{"start":{"line":189,"column":68},"end":{"line":189,"column":110}},"75":{"start":{"line":191,"column":12},"end":{"line":197,"column":14}},"76":{"start":{"line":200,"column":33},"end":{"line":200,"column":64}},"77":{"start":{"line":202,"column":12},"end":{"line":210,"column":13}},"78":{"start":{"line":203,"column":16},"end":{"line":203,"column":72}},"79":{"start":{"line":204,"column":16},"end":{"line":204,"column":38}},"80":{"start":{"line":205,"column":16},"end":{"line":205,"column":42}},"81":{"start":{"line":207,"column":16},"end":{"line":207,"column":70}},"82":{"start":{"line":208,"column":16},"end":{"line":208,"column":40}},"83":{"start":{"line":209,"column":16},"end":{"line":209,"column":53}},"84":{"start":{"line":211,"column":12},"end":{"line":211,"column":24}},"85":{"start":{"line":216,"column":8},"end":{"line":221,"column":9}},"86":{"start":{"line":217,"column":12},"end":{"line":217,"column":42}},"87":{"start":{"line":220,"column":12},"end":{"line":220,"column":44}},"88":{"start":{"line":4,"column":0},"end":{"line":4,"column":13}}},"fnMap":{"0":{"name":"(anonymous_0)","decl":{"start":{"line":14,"column":4},"end":{"line":14,"column":null}},"loc":{"start":{"line":16,"column":52},"end":{"line":28,"column":5}}},"1":{"name":"(anonymous_1)","decl":{"start":{"line":25,"column":32},"end":{"line":25,"column":35}},"loc":{"start":{"line":25,"column":38},"end":{"line":27,"column":9}}},"2":{"name":"(anonymous_2)","decl":{"start":{"line":30,"column":12},"end":{"line":30,"column":17}},"loc":{"start":{"line":30,"column":28},"end":{"line":55,"column":5}}},"3":{"name":"(anonymous_3)","decl":{"start":{"line":57,"column":12},"end":{"line":57,"column":17}},"loc":{"start":{"line":57,"column":55},"end":{"line":145,"column":5}}},"4":{"name":"(anonymous_4)","decl":{"start":{"line":138,"column":34},"end":{"line":138,"column":41}},"loc":{"start":{"line":138,"column":45},"end":{"line":138,"column":87}}},"5":{"name":"(anonymous_5)","decl":{"start":{"line":147,"column":12},"end":{"line":147,"column":17}},"loc":{"start":{"line":147,"column":47},"end":{"line":159,"column":5}}},"6":{"name":"(anonymous_6)","decl":{"start":{"line":161,"column":11},"end":{"line":161,"column":16}},"loc":{"start":{"line":161,"column":54},"end":{"line":213,"column":5}}},"7":{"name":"(anonymous_7)","decl":{"start":{"line":215,"column":11},"end":{"line":215,"column":16}},"loc":{"start":{"line":215,"column":22},"end":{"line":222,"column":5}}}},"branchMap":{"0":{"loc":{"start":{"line":32,"column":8},"end":{"line":34,"column":9}},"type":"if","locations":[{"start":{"line":32,"column":8},"end":{"line":34,"column":9}}]},"1":{"loc":{"start":{"line":37,"column":8},"end":{"line":39,"column":9}},"type":"if","locations":[{"start":{"line":37,"column":8},"end":{"line":39,"column":9}}]},"2":{"loc":{"start":{"line":62,"column":12},"end":{"line":90,"column":13}},"type":"if","locations":[{"start":{"line":62,"column":12},"end":{"line":90,"column":13}}]},"3":{"loc":{"start":{"line":79,"column":20},"end":{"line":88,"column":21}},"type":"if","locations":[{"start":{"line":79,"column":20},"end":{"line":88,"column":21}},{"start":{"line":84,"column":27},"end":{"line":88,"column":21}}]},"4":{"loc":{"start":{"line":100,"column":12},"end":{"line":140,"column":13}},"type":"if","locations":[{"start":{"line":100,"column":12},"end":{"line":140,"column":13}},{"start":{"line":136,"column":19},"end":{"line":140,"column":13}}]},"5":{"loc":{"start":{"line":105,"column":20},"end":{"line":122,"column":21}},"type":"if","locations":[{"start":{"line":105,"column":20},"end":{"line":122,"column":21}}]},"6":{"loc":{"start":{"line":115,"column":28},"end":{"line":118,"column":29}},"type":"if","locations":[{"start":{"line":115,"column":28},"end":{"line":118,"column":29}}]},"7":{"loc":{"start":{"line":153,"column":12},"end":{"line":155,"column":13}},"type":"if","locations":[{"start":{"line":153,"column":12},"end":{"line":155,"column":13}}]},"8":{"loc":{"start":{"line":162,"column":8},"end":{"line":167,"column":9}},"type":"if","locations":[{"start":{"line":162,"column":8},"end":{"line":167,"column":9}}]},"9":{"loc":{"start":{"line":164,"column":12},"end":{"line":166,"column":13}},"type":"if","locations":[{"start":{"line":164,"column":12},"end":{"line":166,"column":13}}]},"10":{"loc":{"start":{"line":170,"column":8},"end":{"line":172,"column":9}},"type":"if","locations":[{"start":{"line":170,"column":8},"end":{"line":172,"column":9}}]},"11":{"loc":{"start":{"line":185,"column":12},"end":{"line":187,"column":13}},"type":"if","locations":[{"start":{"line":185,"column":12},"end":{"line":187,"column":13}}]},"12":{"loc":{"start":{"line":185,"column":16},"end":{"line":185,"column":61}},"type":"binary-expr","locations":[{"start":{"line":185,"column":16},"end":{"line":185,"column":38}},{"start":{"line":185,"column":42},"end":{"line":185,"column":61}}]},"13":{"loc":{"start":{"line":200,"column":33},"end":{"line":200,"column":64}},"type":"binary-expr","locations":[{"start":{"line":200,"column":33},"end":{"line":200,"column":47}},{"start":{"line":200,"column":51},"end":{"line":200,"column":64}}]},"14":{"loc":{"start":{"line":202,"column":12},"end":{"line":210,"column":13}},"type":"if","locations":[{"start":{"line":202,"column":12},"end":{"line":210,"column":13}}]}},"s":{"0":4,"1":25,"2":25,"3":25,"4":25,"5":25,"6":25,"7":25,"8":25,"9":25,"10":25,"11":25,"12":1,"13":38,"14":0,"15":38,"16":12,"17":26,"18":26,"19":26,"20":26,"21":25,"22":1,"23":1,"24":74,"25":74,"26":73,"27":7,"28":7,"29":7,"30":6,"31":1,"32":1,"33":1,"34":0,"35":67,"36":67,"37":19,"38":19,"39":19,"40":1,"41":1,"42":1,"43":0,"44":0,"45":0,"46":18,"47":18,"48":18,"49":18,"50":19,"51":48,"52":48,"53":48,"54":1,"55":1,"56":20,"57":20,"58":20,"59":7,"60":0,"61":41,"62":12,"63":11,"64":0,"65":40,"66":40,"67":1,"68":39,"69":39,"70":39,"71":39,"72":38,"73":0,"74":38,"75":38,"76":1,"77":1,"78":1,"79":1,"80":1,"81":1,"82":1,"83":1,"84":0,"85":25,"86":25,"87":0,"88":4},"f":{"0":25,"1":1,"2":38,"3":74,"4":48,"5":20,"6":41,"7":25},"b":{"0":[0],"1":[12],"2":[7],"3":[1,0],"4":[19,48],"5":[1],"6":[0],"7":[7],"8":[12],"9":[0],"10":[1],"11":[0],"12":[38,38],"13":[1,0],"14":[1]}}
,"C:\\Webstorm-Projects\\rate-limiter\\src\\services\\redisClient.ts": {"path":"C:\\Webstorm-Projects\\rate-limiter\\src\\services\\redisClient.ts","statementMap":{"0":{"start":{"line":1,"column":0},"end":{"line":1,"column":46}},"1":{"start":{"line":9,"column":8},"end":{"line":16,"column":11}},"2":{"start":{"line":12,"column":30},"end":{"line":12,"column":90}},"3":{"start":{"line":13,"column":16},"end":{"line":13,"column":87}},"4":{"start":{"line":14,"column":16},"end":{"line":14,"column":29}},"5":{"start":{"line":18,"column":8},"end":{"line":20,"column":11}},"6":{"start":{"line":19,"column":12},"end":{"line":19,"column":58}},"7":{"start":{"line":22,"column":8},"end":{"line":24,"column":11}},"8":{"start":{"line":23,"column":12},"end":{"line":23,"column":56}},"9":{"start":{"line":28,"column":8},"end":{"line":41,"column":9}},"10":{"start":{"line":30,"column":12},"end":{"line":30,"column":80}},"11":{"start":{"line":32,"column":12},"end":{"line":34,"column":13}},"12":{"start":{"line":33,"column":16},"end":{"line":33,"column":28}},"13":{"start":{"line":36,"column":12},"end":{"line":38,"column":13}},"14":{"start":{"line":37,"column":16},"end":{"line":37,"column":96}},"15":{"start":{"line":40,"column":12},"end":{"line":40,"column":24}},"16":{"start":{"line":45,"column":8},"end":{"line":51,"column":9}},"17":{"start":{"line":47,"column":12},"end":{"line":47,"column":72}},"18":{"start":{"line":49,"column":12},"end":{"line":49,"column":75}},"19":{"start":{"line":50,"column":12},"end":{"line":50,"column":24}},"20":{"start":{"line":55,"column":8},"end":{"line":55,"column":35}},"21":{"start":{"line":59,"column":8},"end":{"line":81,"column":9}},"22":{"start":{"line":62,"column":12},"end":{"line":75,"column":13}},"23":{"start":{"line":65,"column":16},"end":{"line":65,"column":78}},"24":{"start":{"line":66,"column":19},"end":{"line":75,"column":13}},"25":{"start":{"line":68,"column":16},"end":{"line":68,"column":64}},"26":{"start":{"line":69,"column":19},"end":{"line":75,"column":13}},"27":{"start":{"line":71,"column":16},"end":{"line":71,"column":72}},"28":{"start":{"line":74,"column":16},"end":{"line":74,"column":58}},"29":{"start":{"line":77,"column":12},"end":{"line":77,"column":35}},"30":{"start":{"line":79,"column":12},"end":{"line":79,"column":64}},"31":{"start":{"line":80,"column":12},"end":{"line":80,"column":25}},"32":{"start":{"line":85,"column":8},"end":{"line":85,"column":35}},"33":{"start":{"line":89,"column":8},"end":{"line":94,"column":9}},"34":{"start":{"line":90,"column":12},"end":{"line":90,"column":36}},"35":{"start":{"line":92,"column":12},"end":{"line":92,"column":66}},"36":{"start":{"line":99,"column":8},"end":{"line":103,"column":9}},"37":{"start":{"line":100,"column":12},"end":{"line":100,"column":36}},"38":{"start":{"line":102,"column":12},"end":{"line":102,"column":61}},"39":{"start":{"line":5,"column":0},"end":{"line":5,"column":13}}},"fnMap":{"0":{"name":"(anonymous_1)","decl":{"start":{"line":8,"column":4},"end":{"line":8,"column":16}},"loc":{"start":{"line":8,"column":42},"end":{"line":25,"column":5}}},"1":{"name":"(anonymous_2)","decl":{"start":{"line":11,"column":27},"end":{"line":11,"column":28}},"loc":{"start":{"line":11,"column":37},"end":{"line":15,"column":13}}},"2":{"name":"(anonymous_3)","decl":{"start":{"line":18,"column":31},"end":{"line":18,"column":32}},"loc":{"start":{"line":18,"column":39},"end":{"line":20,"column":9}}},"3":{"name":"(anonymous_4)","decl":{"start":{"line":22,"column":31},"end":{"line":22,"column":34}},"loc":{"start":{"line":22,"column":36},"end":{"line":24,"column":9}}},"4":{"name":"(anonymous_5)","decl":{"start":{"line":27,"column":4},"end":{"line":27,"column":9}},"loc":{"start":{"line":27,"column":64},"end":{"line":42,"column":5}}},"5":{"name":"(anonymous_6)","decl":{"start":{"line":44,"column":4},"end":{"line":44,"column":9}},"loc":{"start":{"line":44,"column":35},"end":{"line":52,"column":5}}},"6":{"name":"(anonymous_7)","decl":{"start":{"line":54,"column":4},"end":{"line":54,"column":9}},"loc":{"start":{"line":54,"column":28},"end":{"line":56,"column":5}}},"7":{"name":"(anonymous_8)","decl":{"start":{"line":58,"column":4},"end":{"line":58,"column":9}},"loc":{"start":{"line":58,"column":75},"end":{"line":82,"column":5}}},"8":{"name":"(anonymous_9)","decl":{"start":{"line":84,"column":4},"end":{"line":84,"column":9}},"loc":{"start":{"line":84,"column":31},"end":{"line":86,"column":5}}},"9":{"name":"(anonymous_10)","decl":{"start":{"line":88,"column":4},"end":{"line":88,"column":9}},"loc":{"start":{"line":88,"column":14},"end":{"line":95,"column":5}}},"10":{"name":"(anonymous_11)","decl":{"start":{"line":97,"column":4},"end":{"line":97,"column":14}},"loc":{"start":{"line":97,"column":14},"end":{"line":104,"column":5}}}},"branchMap":{"0":{"loc":{"start":{"line":8,"column":16},"end":{"line":8,"column":42}},"type":"default-arg","locations":[{"start":{"line":8,"column":40},"end":{"line":8,"column":42}}]},"1":{"loc":{"start":{"line":32,"column":12},"end":{"line":34,"column":13}},"type":"if","locations":[{"start":{"line":32,"column":12},"end":{"line":34,"column":13}}]},"2":{"loc":{"start":{"line":36,"column":12},"end":{"line":38,"column":13}},"type":"if","locations":[{"start":{"line":36,"column":12},"end":{"line":38,"column":13}}]},"3":{"loc":{"start":{"line":62,"column":12},"end":{"line":75,"column":13}},"type":"if","locations":[{"start":{"line":62,"column":12},"end":{"line":75,"column":13}},{"start":{"line":66,"column":19},"end":{"line":75,"column":13}}]},"4":{"loc":{"start":{"line":62,"column":16},"end":{"line":62,"column":39}},"type":"binary-expr","locations":[{"start":{"line":62,"column":16},"end":{"line":62,"column":29}},{"start":{"line":62,"column":33},"end":{"line":62,"column":39}}]},"5":{"loc":{"start":{"line":66,"column":19},"end":{"line":75,"column":13}},"type":"if","locations":[{"start":{"line":66,"column":19},"end":{"line":75,"column":13}},{"start":{"line":69,"column":19},"end":{"line":75,"column":13}}]},"6":{"loc":{"start":{"line":69,"column":19},"end":{"line":75,"column":13}},"type":"if","locations":[{"start":{"line":69,"column":19},"end":{"line":75,"column":13}},{"start":{"line":72,"column":19},"end":{"line":75,"column":13}}]}},"s":{"0":3,"1":12,"2":0,"3":0,"4":0,"5":12,"6":0,"7":12,"8":12,"9":39,"10":39,"11":1,"12":1,"13":0,"14":0,"15":0,"16":5,"17":5,"18":0,"19":0,"20":70,"21":57,"22":57,"23":52,"24":5,"25":0,"26":5,"27":0,"28":5,"29":57,"30":0,"31":0,"32":7,"33":12,"34":12,"35":1,"36":0,"37":0,"38":0,"39":3},"f":{"0":12,"1":0,"2":0,"3":12,"4":39,"5":5,"6":70,"7":57,"8":7,"9":12,"10":0},"b":{"0":[0],"1":[1],"2":[0],"3":[52,5],"4":[57,52],"5":[0,5],"6":[0,5]}}
,"C:\\Webstorm-Projects\\rate-limiter\\src\\services\\scriptLoader.ts": {"path":"C:\\Webstorm-Projects\\rate-limiter\\src\\services\\scriptLoader.ts","statementMap":{"0":{"start":{"line":1,"column":0},"end":{"line":1,"column":20}},"1":{"start":{"line":2,"column":0},"end":{"line":2,"column":24}},"2":{"start":{"line":7,"column":25},"end":{"line":7,"column":50}},"3":{"start":{"line":8,"column":25},"end":{"line":8,"column":46}},"4":{"start":{"line":12,"column":25},"end":{"line":12,"column":63}},"5":{"start":{"line":13,"column":23},"end":{"line":13,"column":57}},"6":{"start":{"line":15,"column":8},"end":{"line":15,"column":57}},"7":{"start":{"line":5,"column":0},"end":{"line":5,"column":13}}},"fnMap":{"0":{"name":"(anonymous_1)","decl":{"start":{"line":6,"column":4},"end":{"line":6,"column":null}},"loc":{"start":{"line":8,"column":76},"end":{"line":9,"column":8}}},"1":{"name":"(anonymous_2)","decl":{"start":{"line":11,"column":4},"end":{"line":11,"column":9}},"loc":{"start":{"line":11,"column":39},"end":{"line":16,"column":5}}}},"branchMap":{"0":{"loc":{"start":{"line":8,"column":25},"end":{"line":8,"column":76}},"type":"default-arg","locations":[{"start":{"line":8,"column":46},"end":{"line":8,"column":76}}]}},"s":{"0":3,"1":3,"2":12,"3":12,"4":5,"5":5,"6":5,"7":3},"f":{"0":12,"1":5},"b":{"0":[12]}}
,"C:\\Webstorm-Projects\\rate-limiter\\tests\\helpers\\test-utils.ts": {"path":"C:\\Webstorm-Projects\\rate-limiter\\tests\\helpers\\test-utils.ts","statementMap":{"0":{"start":{"line":50,"column":0},"end":{"line":50,"column":16}},"1":{"start":{"line":62,"column":0},"end":{"line":62,"column":16}},"2":{"start":{"line":68,"column":0},"end":{"line":68,"column":16}},"3":{"start":{"line":83,"column":0},"end":{"line":83,"column":16}},"4":{"start":{"line":102,"column":0},"end":{"line":102,"column":16}},"5":{"start":{"line":111,"column":0},"end":{"line":111,"column":7}},"6":{"start":{"line":123,"column":0},"end":{"line":123,"column":7}},"7":{"start":{"line":147,"column":0},"end":{"line":147,"column":7}},"8":{"start":{"line":170,"column":0},"end":{"line":170,"column":7}},"9":{"start":{"line":182,"column":0},"end":{"line":182,"column":7}},"10":{"start":{"line":219,"column":0},"end":{"line":219,"column":16}},"11":{"start":{"line":224,"column":0},"end":{"line":224,"column":16}},"12":{"start":{"line":259,"column":0},"end":{"line":259,"column":16}},"13":{"start":{"line":3,"column":0},"end":{"line":3,"column":28}},"14":{"start":{"line":7,"column":13},"end":{"line":13,"column":2}},"15":{"start":{"line":16,"column":13},"end":{"line":47,"column":2}},"16":{"start":{"line":51,"column":4},"end":{"line":59,"column":6}},"17":{"start":{"line":63,"column":4},"end":{"line":65,"column":6}},"18":{"start":{"line":69,"column":4},"end":{"line":72,"column":6}},"19":{"start":{"line":87,"column":54},"end":{"line":89,"column":6}},"20":{"start":{"line":91,"column":4},"end":{"line":97,"column":5}},"21":{"start":{"line":92,"column":8},"end":{"line":92,"column":40}},"22":{"start":{"line":93,"column":8},"end":{"line":96,"column":10}},"23":{"start":{"line":99,"column":4},"end":{"line":99,"column":23}},"24":{"start":{"line":103,"column":4},"end":{"line":107,"column":6}},"25":{"start":{"line":112,"column":18},"end":{"line":117,"column":6}},"26":{"start":{"line":119,"column":4},"end":{"line":119,"column":36}},"27":{"start":{"line":120,"column":4},"end":{"line":120,"column":17}},"28":{"start":{"line":124,"column":4},"end":{"line":144,"column":5}},"29":{"start":{"line":126,"column":21},"end":{"line":126,"column":52}},"30":{"start":{"line":127,"column":8},"end":{"line":129,"column":9}},"31":{"start":{"line":128,"column":12},"end":{"line":128,"column":37}},"32":{"start":{"line":132,"column":27},"end":{"line":132,"column":55}},"33":{"start":{"line":133,"column":8},"end":{"line":135,"column":9}},"34":{"start":{"line":134,"column":12},"end":{"line":134,"column":43}},"35":{"start":{"line":138,"column":26},"end":{"line":138,"column":53}},"36":{"start":{"line":139,"column":8},"end":{"line":141,"column":9}},"37":{"start":{"line":140,"column":12},"end":{"line":140,"column":42}},"38":{"start":{"line":143,"column":8},"end":{"line":143,"column":59}},"39":{"start":{"line":148,"column":4},"end":{"line":166,"column":5}},"40":{"start":{"line":150,"column":8},"end":{"line":150,"column":40}},"41":{"start":{"line":153,"column":8},"end":{"line":158,"column":9}},"42":{"start":{"line":154,"column":12},"end":{"line":154,"column":31}},"43":{"start":{"line":156,"column":12},"end":{"line":156,"column":65}},"44":{"start":{"line":157,"column":12},"end":{"line":157,"column":31}},"45":{"start":{"line":160,"column":8},"end":{"line":160,"column":52}},"46":{"start":{"line":161,"column":8},"end":{"line":165,"column":9}},"47":{"start":{"line":162,"column":12},"end":{"line":162,"column":31}},"48":{"start":{"line":164,"column":12},"end":{"line":164,"column":78}},"49":{"start":{"line":171,"column":4},"end":{"line":178,"column":5}},"50":{"start":{"line":172,"column":8},"end":{"line":172,"column":28}},"51":{"start":{"line":174,"column":8},"end":{"line":174,"column":56}},"52":{"start":{"line":175,"column":8},"end":{"line":177,"column":9}},"53":{"start":{"line":176,"column":12},"end":{"line":176,"column":32}},"54":{"start":{"line":183,"column":4},"end":{"line":215,"column":5}},"55":{"start":{"line":185,"column":8},"end":{"line":185,"column":51}},"56":{"start":{"line":188,"column":30},"end":{"line":206,"column":10}},"57":{"start":{"line":209,"column":20},"end":{"line":209,"column":61}},"58":{"start":{"line":212,"column":8},"end":{"line":212,"column":70}},"59":{"start":{"line":214,"column":8},"end":{"line":214,"column":70}},"60":{"start":{"line":220,"column":4},"end":{"line":220,"column":59}},"61":{"start":{"line":220,"column":34},"end":{"line":220,"column":57}},"62":{"start":{"line":226,"column":4},"end":{"line":226,"column":27}},"63":{"start":{"line":229,"column":25},"end":{"line":229,"column":45}},"64":{"start":{"line":230,"column":4},"end":{"line":232,"column":6}},"65":{"start":{"line":231,"column":8},"end":{"line":231,"column":56}},"66":{"start":{"line":235,"column":28},"end":{"line":246,"column":5}},"67":{"start":{"line":236,"column":8},"end":{"line":245,"column":11}},"68":{"start":{"line":238,"column":12},"end":{"line":244,"column":15}},"69":{"start":{"line":240,"column":16},"end":{"line":242,"column":17}},"70":{"start":{"line":241,"column":20},"end":{"line":241,"column":32}},"71":{"start":{"line":243,"column":16},"end":{"line":243,"column":26}},"72":{"start":{"line":249,"column":4},"end":{"line":255,"column":7}},"73":{"start":{"line":251,"column":8},"end":{"line":251,"column":32}},"74":{"start":{"line":254,"column":8},"end":{"line":254,"column":25}},"75":{"start":{"line":264,"column":28},"end":{"line":264,"column":69}},"76":{"start":{"line":265,"column":24},"end":{"line":265,"column":66}},"77":{"start":{"line":267,"column":20},"end":{"line":276,"column":5}},"78":{"start":{"line":268,"column":8},"end":{"line":275,"column":9}},"79":{"start":{"line":269,"column":12},"end":{"line":269,"column":38}},"80":{"start":{"line":271,"column":12},"end":{"line":271,"column":64}},"81":{"start":{"line":272,"column":12},"end":{"line":274,"column":13}},"82":{"start":{"line":273,"column":16},"end":{"line":273,"column":41}},"83":{"start":{"line":278,"column":4},"end":{"line":278,"column":36}}},"fnMap":{"0":{"name":"createMockRedisClient","decl":{"start":{"line":50,"column":16},"end":{"line":50,"column":37}},"loc":{"start":{"line":50,"column":37},"end":{"line":60,"column":1}}},"1":{"name":"createMockScriptLoader","decl":{"start":{"line":62,"column":16},"end":{"line":62,"column":38}},"loc":{"start":{"line":62,"column":38},"end":{"line":66,"column":1}}},"2":{"name":"createMockRateLimiter","decl":{"start":{"line":68,"column":16},"end":{"line":68,"column":37}},"loc":{"start":{"line":68,"column":37},"end":{"line":73,"column":1}}},"3":{"name":"createMockRequest","decl":{"start":{"line":83,"column":16},"end":{"line":83,"column":33}},"loc":{"start":{"line":86,"column":1},"end":{"line":100,"column":1}}},"4":{"name":"createMockResponse","decl":{"start":{"line":102,"column":16},"end":{"line":102,"column":34}},"loc":{"start":{"line":102,"column":34},"end":{"line":108,"column":1}}},"5":{"name":"setupRedisForTests","decl":{"start":{"line":111,"column":22},"end":{"line":111,"column":40}},"loc":{"start":{"line":111,"column":40},"end":{"line":121,"column":1}}},"6":{"name":"clearRedisTestKeys","decl":{"start":{"line":123,"column":22},"end":{"line":123,"column":40}},"loc":{"start":{"line":123,"column":53},"end":{"line":145,"column":1}}},"7":{"name":"cleanupRedis","decl":{"start":{"line":147,"column":22},"end":{"line":147,"column":34}},"loc":{"start":{"line":147,"column":47},"end":{"line":167,"column":1}}},"8":{"name":"safeCloseRedisClient","decl":{"start":{"line":170,"column":22},"end":{"line":170,"column":42}},"loc":{"start":{"line":170,"column":63},"end":{"line":179,"column":1}}},"9":{"name":"setupScriptLoadMonitor","decl":{"start":{"line":182,"column":22},"end":{"line":182,"column":44}},"loc":{"start":{"line":182,"column":57},"end":{"line":216,"column":1}}},"10":{"name":"wait","decl":{"start":{"line":219,"column":16},"end":{"line":219,"column":20}},"loc":{"start":{"line":219,"column":31},"end":{"line":221,"column":1}}},"11":{"name":"(anonymous_12)","decl":{"start":{"line":220,"column":23},"end":{"line":220,"column":30}},"loc":{"start":{"line":220,"column":34},"end":{"line":220,"column":57}}},"12":{"name":"setupJestGlobals","decl":{"start":{"line":224,"column":16},"end":{"line":224,"column":32}},"loc":{"start":{"line":224,"column":32},"end":{"line":256,"column":1}}},"13":{"name":"(anonymous_14)","decl":{"start":{"line":230,"column":27},"end":{"line":230,"column":null}},"loc":{"start":{"line":230,"column":27},"end":{"line":232,"column":5}}},"14":{"name":"(anonymous_15)","decl":{"start":{"line":235,"column":28},"end":{"line":235,"column":31}},"loc":{"start":{"line":235,"column":33},"end":{"line":246,"column":5}}},"15":{"name":"(anonymous_16)","decl":{"start":{"line":236,"column":33},"end":{"line":236,"column":40}},"loc":{"start":{"line":236,"column":43},"end":{"line":245,"column":9}}},"16":{"name":"(anonymous_17)","decl":{"start":{"line":238,"column":25},"end":{"line":238,"column":28}},"loc":{"start":{"line":238,"column":30},"end":{"line":244,"column":13}}},"17":{"name":"(anonymous_18)","decl":{"start":{"line":249,"column":13},"end":{"line":249,"column":18}},"loc":{"start":{"line":249,"column":24},"end":{"line":255,"column":5}}},"18":{"name":"createTestRateLimiter","decl":{"start":{"line":259,"column":16},"end":{"line":259,"column":37}},"loc":{"start":{"line":261,"column":31},"end":{"line":279,"column":1}}},"19":{"name":"(anonymous_20)","decl":{"start":{"line":267,"column":20},"end":{"line":267,"column":25}},"loc":{"start":{"line":267,"column":31},"end":{"line":276,"column":5}}}},"branchMap":{"0":{"loc":{"start":{"line":8,"column":16},"end":{"line":8,"column":53}},"type":"binary-expr","locations":[{"start":{"line":8,"column":16},"end":{"line":8,"column":38}},{"start":{"line":8,"column":42},"end":{"line":8,"column":53}}]},"1":{"loc":{"start":{"line":9,"column":16},"end":{"line":9,"column":54}},"type":"binary-expr","locations":[{"start":{"line":9,"column":16},"end":{"line":9,"column":46}},{"start":{"line":9,"column":50},"end":{"line":9,"column":54}}]},"2":{"loc":{"start":{"line":91,"column":4},"end":{"line":97,"column":5}},"type":"if","locations":[{"start":{"line":91,"column":4},"end":{"line":97,"column":5}}]},"3":{"loc":{"start":{"line":127,"column":8},"end":{"line":129,"column":9}},"type":"if","locations":[{"start":{"line":127,"column":8},"end":{"line":129,"column":9}}]},"4":{"loc":{"start":{"line":133,"column":8},"end":{"line":135,"column":9}},"type":"if","locations":[{"start":{"line":133,"column":8},"end":{"line":135,"column":9}}]},"5":{"loc":{"start":{"line":139,"column":8},"end":{"line":141,"column":9}},"type":"if","locations":[{"start":{"line":139,"column":8},"end":{"line":141,"column":9}}]},"6":{"loc":{"start":{"line":175,"column":8},"end":{"line":177,"column":9}},"type":"if","locations":[{"start":{"line":175,"column":8},"end":{"line":177,"column":9}}]},"7":{"loc":{"start":{"line":240,"column":16},"end":{"line":242,"column":17}},"type":"if","locations":[{"start":{"line":240,"column":16},"end":{"line":242,"column":17}}]},"8":{"loc":{"start":{"line":272,"column":12},"end":{"line":274,"column":13}},"type":"if","locations":[{"start":{"line":272,"column":12},"end":{"line":274,"column":13}}]}},"s":{"0":7,"1":7,"2":7,"3":7,"4":7,"5":7,"6":7,"7":7,"8":7,"9":7,"10":7,"11":7,"12":7,"13":7,"14":7,"15":7,"16":0,"17":0,"18":3,"19":3,"20":3,"21":3,"22":3,"23":3,"24":3,"25":1,"26":1,"27":1,"28":2,"29":2,"30":2,"31":1,"32":2,"33":2,"34":2,"35":2,"36":2,"37":0,"38":0,"39":1,"40":1,"41":1,"42":1,"43":0,"44":0,"45":0,"46":0,"47":0,"48":0,"49":0,"50":0,"51":0,"52":0,"53":0,"54":0,"55":0,"56":0,"57":0,"58":0,"59":0,"60":9,"61":9,"62":7,"63":7,"64":7,"65":14,"66":7,"67":7,"68":7,"69":7,"70":0,"71":7,"72":7,"73":7,"74":7,"75":0,"76":0,"77":0,"78":0,"79":0,"80":0,"81":0,"82":0,"83":0},"f":{"0":0,"1":0,"2":3,"3":3,"4":3,"5":1,"6":2,"7":1,"8":0,"9":0,"10":9,"11":9,"12":7,"13":14,"14":7,"15":7,"16":7,"17":7,"18":0,"19":0},"b":{"0":[7,7],"1":[7,7],"2":[3],"3":[1],"4":[2],"5":[0],"6":[0],"7":[0],"8":[0]}}
}
