TN:
SF:src\app.ts
FN:19,initializeApp
FN:30,(anonymous_2)
FN:31,(anonymous_3)
FN:46,(anonymous_4)
FN:58,(anonymous_5)
FNF:5
FNH:2
FNDA:1,initializeApp
FNDA:2,(anonymous_2)
FNDA:0,(anonymous_3)
FNDA:0,(anonymous_4)
FNDA:0,(anonymous_5)
DA:1,1
DA:2,1
DA:3,1
DA:4,1
DA:5,1
DA:6,1
DA:7,1
DA:8,1
DA:10,1
DA:11,1
DA:13,1
DA:20,1
DA:21,1
DA:22,1
DA:24,1
DA:26,1
DA:27,1
DA:29,1
DA:30,1
DA:31,2
DA:32,0
DA:33,0
DA:34,0
DA:35,0
DA:37,0
DA:38,0
DA:43,1
DA:44,0
DA:45,0
DA:46,0
DA:47,0
DA:51,1
DA:53,0
DA:54,0
DA:58,1
DA:59,0
DA:60,0
DA:63,1
LF:38
LH:24
BRDA:43,0,0,0
BRF:1
BRH:0
end_of_record
TN:
SF:src\config\index.ts
FNF:0
FNH:0
DA:1,7
DA:2,7
DA:4,7
DA:6,7
DA:25,7
LF:5
LH:5
BRDA:36,0,0,7
BRDA:36,0,1,7
BRDA:38,1,0,7
BRDA:38,1,1,7
BRDA:39,2,0,7
BRDA:39,2,1,7
BRF:6
BRH:6
end_of_record
TN:
SF:src\controllers\requestController.ts
FN:7,(anonymous_0)
FN:9,(anonymous_1)
FNF:2
FNH:2
FNDA:4,(anonymous_0)
FNDA:3,(anonymous_1)
DA:6,2
DA:7,4
DA:10,3
DA:12,3
DA:13,3
DA:18,2
DA:24,2
DA:25,1
DA:29,1
DA:32,1
DA:37,1
DA:38,1
LF:12
LH:12
BRDA:24,0,0,1
BRF:1
BRH:1
end_of_record
TN:
SF:src\dto\UserRequestDTO.ts
FNF:0
FNH:0
DA:1,2
DA:3,2
LF:2
LH:2
BRF:0
BRH:0
end_of_record
TN:
SF:src\middleware\errorHandler.ts
FN:3,(anonymous_0)
FNF:1
FNH:1
FNDA:4,(anonymous_0)
DA:3,2
DA:4,4
DA:6,4
LF:3
LH:3
BRF:0
BRH:0
end_of_record
TN:
SF:src\middleware\extractUserInfo.ts
FN:4,extractUserInfo
FN:65,createExtractUserInfoMiddleware
FN:66,(anonymous_2)
FNF:3
FNH:3
FNDA:9,extractUserInfo
FNDA:4,createExtractUserInfoMiddleware
FNDA:3,(anonymous_2)
DA:2,2
DA:4,2
DA:16,9
DA:17,4
DA:27,5
DA:28,5
DA:29,2
DA:39,3
DA:40,3
DA:45,3
DA:50,0
DA:65,2
DA:66,4
DA:67,3
DA:68,3
DA:70,3
DA:75,3
DA:76,2
DA:80,2
DA:83,1
DA:84,1
LF:21
LH:20
BRDA:16,0,0,4
BRDA:16,1,0,9
BRDA:16,1,1,6
BRDA:28,2,0,2
BRDA:28,3,0,5
BRDA:28,3,1,3
BRDA:55,4,0,0
BRDA:55,4,1,0
BRDA:75,5,0,2
BRF:9
BRH:7
end_of_record
TN:
SF:src\routes\api.routes.ts
FN:6,(anonymous_0)
FNF:1
FNH:1
FNDA:1,(anonymous_0)
DA:1,1
DA:2,1
DA:3,1
DA:6,1
DA:7,1
DA:8,1
DA:9,1
DA:11,1
DA:16,1
LF:9
LH:9
BRF:0
BRH:0
end_of_record
TN:
SF:src\routes\index.ts
FN:5,(anonymous_0)
FN:10,(anonymous_1)
FNF:2
FNH:1
FNDA:1,(anonymous_0)
FNDA:0,(anonymous_1)
DA:1,1
DA:2,1
DA:5,1
DA:6,1
DA:8,1
DA:10,1
DA:11,0
DA:14,1
LF:8
LH:7
BRF:0
BRH:0
end_of_record
TN:
SF:src\services\rateLimiter.ts
FN:11,(anonymous_0)
FN:30,(anonymous_1)
FN:61,(anonymous_2)
FNF:3
FNH:3
FNDA:12,(anonymous_0)
FNDA:4,(anonymous_1)
FNDA:2,(anonymous_2)
DA:3,7
DA:6,7
DA:9,12
DA:12,12
DA:13,12
DA:15,12
DA:19,12
DA:21,12
DA:22,1
DA:31,4
DA:32,4
DA:33,4
DA:34,4
DA:36,4
DA:43,4
DA:44,1
DA:47,3
DA:49,3
DA:62,2
DA:63,2
DA:65,1
LF:21
LH:21
BRDA:21,0,0,1
BRDA:43,1,0,1
BRDA:43,2,0,4
BRDA:43,2,1,3
BRF:4
BRH:4
end_of_record
TN:
SF:src\services\redisClient.ts
FN:7,(anonymous_1)
FN:10,(anonymous_2)
FN:17,(anonymous_3)
FN:21,(anonymous_4)
FN:26,(anonymous_5)
FN:42,(anonymous_6)
FN:52,(anonymous_7)
FN:56,(anonymous_8)
FN:77,(anonymous_9)
FN:81,(anonymous_10)
FN:89,(anonymous_11)
FNF:11
FNH:10
FNDA:21,(anonymous_1)
FNDA:0,(anonymous_2)
FNDA:1,(anonymous_3)
FNDA:2,(anonymous_4)
FNDA:4,(anonymous_5)
FNDA:3,(anonymous_6)
FNDA:2,(anonymous_7)
FNDA:6,(anonymous_8)
FNDA:1,(anonymous_9)
FNDA:2,(anonymous_10)
FNDA:2,(anonymous_11)
DA:1,2
DA:4,2
DA:8,21
DA:11,0
DA:12,0
DA:13,0
DA:17,21
DA:18,1
DA:21,21
DA:22,2
DA:27,4
DA:28,4
DA:30,3
DA:31,1
DA:34,2
DA:35,1
DA:38,2
DA:43,3
DA:45,3
DA:47,0
DA:48,0
DA:53,2
DA:57,6
DA:60,6
DA:61,1
DA:62,5
DA:63,1
DA:64,4
DA:65,1
DA:67,3
DA:70,5
DA:72,1
DA:73,1
DA:78,1
DA:82,2
DA:83,2
DA:85,1
DA:90,2
DA:91,2
DA:93,1
LF:40
LH:35
BRDA:7,0,0,0
BRDA:30,1,0,1
BRDA:34,2,0,1
BRDA:60,3,0,1
BRDA:60,3,1,5
BRDA:60,4,0,6
BRDA:60,4,1,2
BRDA:62,5,0,1
BRDA:62,5,1,4
BRDA:64,6,0,1
BRDA:64,6,1,3
BRF:11
BRH:10
end_of_record
TN:
SF:src\services\scriptManager.ts
FN:21,(anonymous_1)
FN:32,(anonymous_2)
FN:39,(anonymous_3)
FN:68,(anonymous_4)
FN:84,(anonymous_5)
FNF:5
FNH:5
FNDA:11,(anonymous_1)
FNDA:11,(anonymous_2)
FNDA:18,(anonymous_3)
FNDA:5,(anonymous_4)
FNDA:4,(anonymous_5)
DA:1,2
DA:2,2
DA:16,2
DA:17,11
DA:18,11
DA:22,11
DA:25,11
DA:33,11
DA:34,1
DA:37,10
DA:38,10
DA:39,18
DA:41,9
DA:42,17
DA:43,17
DA:44,17
DA:45,17
DA:46,15
DA:47,15
DA:49,2
DA:50,2
DA:54,7
DA:55,7
DA:57,3
DA:58,3
DA:69,5
DA:70,2
DA:73,3
DA:74,3
DA:75,1
DA:78,2
DA:85,4
LF:32
LH:32
BRDA:25,0,0,11
BRDA:25,0,1,1
BRDA:33,1,0,1
BRDA:69,2,0,2
BRDA:74,3,0,1
BRF:5
BRH:5
end_of_record
